<?xml version="1.0" encoding="UTF-8"?>
<!-- Generated by org.testng.reporters.JUnitXMLReporter -->
<testsuite hostname="LAPTOP-RGPF0C5P" failures="0" tests="4" name="Complete test run" time="38.117" errors="0" timestamp="23 Oct 2021 09:17:19 GMT">
  <testcase classname="runner.TestRunner2" name="runScenario" time="17.947"/>
  <testcase classname="runner.TestRunner" name="runScenario" time="17.947"/>
  <testcase classname="runner.TestRunner2" name="runScenario" time="15.606"/>
  <testcase classname="runner.TestRunner" name="runScenario" time="15.606"/>
</testsuite> <!-- Complete test run -->
