<?xml version="1.0" encoding="UTF-8"?>
<testng-results total="4" passed="4" failed="0" skipped="0">
  <reporter-output>
  </reporter-output>
  <suite started-at="2021-10-23T09:16:41Z" name="Suite" finished-at="2021-10-23T09:17:19Z" duration-ms="38117">
    <groups>
      <group name="cucumber">
        <method signature="AbstractTestNGCucumberTests.runScenario(io.cucumber.testng.PickleWrapper, io.cucumber.testng.FeatureWrapper)[pri:0, instance:runner.TestRunner2@815b41f]" name="runScenario" class="io.cucumber.testng.AbstractTestNGCucumberTests"/>
        <method signature="AbstractTestNGCucumberTests.runScenario(io.cucumber.testng.PickleWrapper, io.cucumber.testng.FeatureWrapper)[pri:0, instance:runner.TestRunner@3b69e7d1]" name="runScenario" class="io.cucumber.testng.AbstractTestNGCucumberTests"/>
      </group> <!-- cucumber -->
    </groups>
    <test started-at="2021-10-23T09:16:41Z" name="Complete test run" finished-at="2021-10-23T09:17:19Z" duration-ms="38117">
      <class name="runner.TestRunner2">
        <test-method is-config="true" signature="setUpClass()[pri:0, instance:runner.TestRunner2@815b41f]" started-at="2021-10-23T14:46:41Z" name="setUpClass" finished-at="2021-10-23T14:46:43Z" duration-ms="1218" status="PASS">
          <reporter-output>
          </reporter-output>
        </test-method> <!-- setUpClass -->
        <test-method signature="runScenario(io.cucumber.testng.PickleWrapper, io.cucumber.testng.FeatureWrapper)[pri:0, instance:runner.TestRunner2@815b41f]" started-at="2021-10-23T14:46:43Z" name="runScenario" description="Runs Cucumber Scenarios" data-provider="scenarios" finished-at="2021-10-23T14:47:00Z" duration-ms="17947" status="PASS">
          <params>
            <param index="0">
              <value>
                <![CDATA["Login with correct username and password"]]>
              </value>
            </param>
            <param index="1">
              <value>
                <![CDATA["Optional[LoginFeature]"]]>
              </value>
            </param>
          </params>
          <reporter-output>
          </reporter-output>
        </test-method> <!-- runScenario -->
        <test-method signature="runScenario(io.cucumber.testng.PickleWrapper, io.cucumber.testng.FeatureWrapper)[pri:0, instance:runner.TestRunner2@815b41f]" started-at="2021-10-23T14:47:00Z" name="runScenario" description="Runs Cucumber Scenarios" data-provider="scenarios" finished-at="2021-10-23T14:47:16Z" duration-ms="15606" status="PASS">
          <params>
            <param index="0">
              <value>
                <![CDATA["Login with correct username and password to fail"]]>
              </value>
            </param>
            <param index="1">
              <value>
                <![CDATA["Optional[LoginFeature]"]]>
              </value>
            </param>
          </params>
          <reporter-output>
          </reporter-output>
        </test-method> <!-- runScenario -->
        <test-method is-config="true" signature="tearDownClass()[pri:0, instance:runner.TestRunner2@815b41f]" started-at="2021-10-23T14:47:16Z" name="tearDownClass" finished-at="2021-10-23T14:47:19Z" duration-ms="2917" status="PASS">
          <reporter-output>
          </reporter-output>
        </test-method> <!-- tearDownClass -->
      </class> <!-- runner.TestRunner2 -->
      <class name="runner.TestRunner">
        <test-method is-config="true" signature="setUpClass()[pri:0, instance:runner.TestRunner@3b69e7d1]" started-at="2021-10-23T14:46:41Z" name="setUpClass" finished-at="2021-10-23T14:46:43Z" duration-ms="1214" status="PASS">
          <reporter-output>
          </reporter-output>
        </test-method> <!-- setUpClass -->
        <test-method signature="runScenario(io.cucumber.testng.PickleWrapper, io.cucumber.testng.FeatureWrapper)[pri:0, instance:runner.TestRunner@3b69e7d1]" started-at="2021-10-23T14:46:43Z" name="runScenario" description="Runs Cucumber Scenarios" data-provider="scenarios" finished-at="2021-10-23T14:47:00Z" duration-ms="17947" status="PASS">
          <params>
            <param index="0">
              <value>
                <![CDATA["Login with correct username and password"]]>
              </value>
            </param>
            <param index="1">
              <value>
                <![CDATA["Optional[LoginFeature]"]]>
              </value>
            </param>
          </params>
          <reporter-output>
          </reporter-output>
        </test-method> <!-- runScenario -->
        <test-method signature="runScenario(io.cucumber.testng.PickleWrapper, io.cucumber.testng.FeatureWrapper)[pri:0, instance:runner.TestRunner@3b69e7d1]" started-at="2021-10-23T14:47:00Z" name="runScenario" description="Runs Cucumber Scenarios" data-provider="scenarios" finished-at="2021-10-23T14:47:16Z" duration-ms="15606" status="PASS">
          <params>
            <param index="0">
              <value>
                <![CDATA["Login with correct username and password to fail"]]>
              </value>
            </param>
            <param index="1">
              <value>
                <![CDATA["Optional[LoginFeature]"]]>
              </value>
            </param>
          </params>
          <reporter-output>
          </reporter-output>
        </test-method> <!-- runScenario -->
        <test-method is-config="true" signature="tearDownClass()[pri:0, instance:runner.TestRunner@3b69e7d1]" started-at="2021-10-23T14:47:16Z" name="tearDownClass" finished-at="2021-10-23T14:47:19Z" duration-ms="2776" status="PASS">
          <reporter-output>
          </reporter-output>
        </test-method> <!-- tearDownClass -->
      </class> <!-- runner.TestRunner -->
    </test> <!-- Complete test run -->
  </suite> <!-- Suite -->
</testng-results>
